Flow report for opencoreNMR
Fri May 24 07:52:02 2019
Quartus Prime Version 18.1.0 Build 625 09/12/2018 SJ Lite Edition


---------------------
; Table of Contents ;
---------------------
  1. Legal Notice
  2. Flow Summary
  3. Flow Settings
  4. Flow Non-Default Global Settings
  5. Flow Elapsed Time
  6. Flow OS Summary
  7. Flow Log
  8. Flow Messages
  9. Flow Suppressed Messages



----------------
; Legal Notice ;
----------------
Copyright (C) 2018  Intel Corporation. All rights reserved.
Your use of Intel Corporation's design tools, logic functions 
and other software and tools, and its AMPP partner logic 
functions, and any output files from any of the foregoing 
(including device programming or simulation files), and any 
associated documentation or information are expressly subject 
to the terms and conditions of the Intel Program License 
Subscription Agreement, the Intel Quartus Prime License Agreement,
the Intel FPGA IP License Agreement, or other applicable license
agreement, including, without limitation, that your use is for
the sole purpose of programming logic devices manufactured by
Intel and sold by Intel or its authorized distributors.  Please
refer to the applicable agreement for further details.



+-------------------------------------------------------------------------------+
; Flow Summary                                                                  ;
+---------------------------------+---------------------------------------------+
; Flow Status                     ; Successful - Fri May 24 07:52:02 2019       ;
; Quartus Prime Version           ; 18.1.0 Build 625 09/12/2018 SJ Lite Edition ;
; Revision Name                   ; opencoreNMR                                 ;
; Top-level Entity Name           ; opencoreNMR                                 ;
; Family                          ; Cyclone V                                   ;
; Device                          ; 5CEFA7F31C8                                 ;
; Timing Models                   ; Final                                       ;
; Logic utilization (in ALMs)     ; 24,311 / 56,480 ( 43 % )                    ;
; Total registers                 ; 17207                                       ;
; Total pins                      ; 202 / 480 ( 42 % )                          ;
; Total virtual pins              ; 0                                           ;
; Total block memory bits         ; 1,794,560 / 7,024,640 ( 26 % )              ;
; Total DSP Blocks                ; 102 / 156 ( 65 % )                          ;
; Total HSSI RX PCSs              ; 0                                           ;
; Total HSSI PMA RX Deserializers ; 0                                           ;
; Total HSSI TX PCSs              ; 0                                           ;
; Total HSSI PMA TX Serializers   ; 0                                           ;
; Total PLLs                      ; 1 / 7 ( 14 % )                              ;
; Total DLLs                      ; 0 / 4 ( 0 % )                               ;
+---------------------------------+---------------------------------------------+


+-----------------------------------------+
; Flow Settings                           ;
+-------------------+---------------------+
; Option            ; Setting             ;
+-------------------+---------------------+
; Start date & time ; 05/23/2019 22:52:58 ;
; Main task         ; Compilation         ;
; Revision Name     ; opencoreNMR         ;
+-------------------+---------------------+


+--------------------------------------------------------------------------------------------------------------------------------------+
; Flow Non-Default Global Settings                                                                                                     ;
+----------------------------------------------+----------------------------------------+---------------+-------------+----------------+
; Assignment Name                              ; Value                                  ; Default Value ; Entity Name ; Section Id     ;
+----------------------------------------------+----------------------------------------+---------------+-------------+----------------+
; COMPILER_SIGNATURE_ID                        ; 52230511457.155861957804197            ; --            ; --          ; --             ;
; EDA_OUTPUT_DATA_FORMAT                       ; Vhdl                                   ; --            ; --          ; eda_simulation ;
; EDA_SIMULATION_TOOL                          ; ModelSim-Altera (VHDL)                 ; <None>        ; --          ; --             ;
; FITTER_EFFORT                                ; Standard Fit                           ; Auto Fit      ; --          ; --             ;
; MAX_CORE_JUNCTION_TEMP                       ; 85                                     ; --            ; --          ; --             ;
; MIN_CORE_JUNCTION_TEMP                       ; 0                                      ; --            ; --          ; --             ;
; MISC_FILE                                    ; ../src/pll_cyclone5/pll.cmp            ; --            ; --          ; --             ;
; MISC_FILE                                    ; ../src/pll_cyclone5/pll_sim/pll.vho    ; --            ; --          ; --             ;
; OPTIMIZATION_MODE                            ; High Performance Effort                ; Balanced      ; --          ; --             ;
; OPTIMIZATION_TECHNIQUE                       ; Speed                                  ; Balanced      ; --          ; --             ;
; PARTITION_COLOR                              ; -- (Not supported for targeted family) ; --            ; --          ; Top            ;
; PARTITION_FITTER_PRESERVATION_LEVEL          ; -- (Not supported for targeted family) ; --            ; --          ; Top            ;
; PARTITION_NETLIST_TYPE                       ; -- (Not supported for targeted family) ; --            ; --          ; Top            ;
; PHYSICAL_SYNTHESIS_COMBO_LOGIC               ; On                                     ; Off           ; --          ; --             ;
; PHYSICAL_SYNTHESIS_EFFORT                    ; Extra                                  ; Normal        ; --          ; --             ;
; PHYSICAL_SYNTHESIS_REGISTER_DUPLICATION      ; On                                     ; Off           ; --          ; --             ;
; PHYSICAL_SYNTHESIS_REGISTER_RETIMING         ; On                                     ; Off           ; --          ; --             ;
; PLACEMENT_EFFORT_MULTIPLIER                  ; 4.0                                    ; 1.0           ; --          ; --             ;
; POWER_BOARD_THERMAL_MODEL                    ; None (CONSERVATIVE)                    ; --            ; --          ; --             ;
; POWER_PRESET_COOLING_SOLUTION                ; 23 MM HEAT SINK WITH 200 LFPM AIRFLOW  ; --            ; --          ; --             ;
; PROJECT_OUTPUT_DIRECTORY                     ; output_files                           ; --            ; --          ; --             ;
; QII_AUTO_PACKED_REGISTERS                    ; Normal                                 ; Auto          ; --          ; --             ;
; ROUTER_LCELL_INSERTION_AND_LOGIC_DUPLICATION ; On                                     ; Auto          ; --          ; --             ;
; ROUTER_TIMING_OPTIMIZATION_LEVEL             ; MAXIMUM                                ; Normal        ; --          ; --             ;
; SMART_RECOMPILE                              ; On                                     ; Off           ; --          ; --             ;
; SPD_FILE                                     ; ../src/pll_cyclone5/pll.spd            ; --            ; --          ; --             ;
; SYNTHESIS_ONLY_QIP                           ; On                                     ; --            ; --          ; --             ;
+----------------------------------------------+----------------------------------------+---------------+-------------+----------------+


+--------------------------------------------------------------------------------------------------------------------------+
; Flow Elapsed Time                                                                                                        ;
+----------------------+--------------+-------------------------+---------------------+------------------------------------+
; Module Name          ; Elapsed Time ; Average Processors Used ; Peak Virtual Memory ; Total CPU Time (on all processors) ;
+----------------------+--------------+-------------------------+---------------------+------------------------------------+
; Analysis & Synthesis ; 00:06:20     ; 1.0                     ; 2246 MB             ; 00:03:01                           ;
; Fitter               ; 01:22:29     ; 1.0                     ; 3028 MB             ; 00:42:24                           ;
; Assembler            ; 00:00:59     ; 1.0                     ; 1333 MB             ; 00:00:27                           ;
; Total                ; 01:29:48     ; --                      ; --                  ; 00:45:52                           ;
+----------------------+--------------+-------------------------+---------------------+------------------------------------+


+------------------------------------------------------------------------------------+
; Flow OS Summary                                                                    ;
+----------------------+------------------+------------+------------+----------------+
; Module Name          ; Machine Hostname ; OS Name    ; OS Version ; Processor type ;
+----------------------+------------------+------------+------------+----------------+
; Analysis & Synthesis ; takedaMint       ; Linux Mint ; 18         ; x86_64         ;
; Fitter               ; takedaMint       ; Linux Mint ; 18         ; x86_64         ;
; Assembler            ; takedaMint       ; Linux Mint ; 18         ; x86_64         ;
+----------------------+------------------+------------+------------+----------------+


------------
; Flow Log ;
------------
quartus_map --read_settings_files=on --write_settings_files=off opencoreNMR -c opencoreNMR
quartus_fit --read_settings_files=on --write_settings_files=off opencoreNMR -c opencoreNMR
quartus_asm --read_settings_files=on --write_settings_files=off opencoreNMR -c opencoreNMR



