Flow report for opencoreNMR
Thu Oct 31 07:30:06 2019
Quartus II 64-Bit Version 13.1.0 Build 162 10/23/2013 SJ Web Edition


---------------------
; Table of Contents ;
---------------------
  1. Legal Notice
  2. Flow Summary
  3. Flow Settings
  4. Flow Non-Default Global Settings
  5. Flow Elapsed Time
  6. Flow OS Summary
  7. Flow Log
  8. Flow Messages
  9. Flow Suppressed Messages



----------------
; Legal Notice ;
----------------
Copyright (C) 1991-2013 Altera Corporation
Your use of Altera Corporation's design tools, logic functions 
and other software and tools, and its AMPP partner logic 
functions, and any output files from any of the foregoing 
(including device programming or simulation files), and any 
associated documentation or information are expressly subject 
to the terms and conditions of the Altera Program License 
Subscription Agreement, Altera MegaCore Function License 
Agreement, or other applicable license agreement, including, 
without limitation, that your use is for the sole purpose of 
programming logic devices manufactured by Altera and sold by 
Altera or its authorized distributors.  Please refer to the 
applicable agreement for further details.



+---------------------------------------------------------------------------------+
; Flow Summary                                                                    ;
+------------------------------------+--------------------------------------------+
; Flow Status                        ; Successful - Thu Oct 31 07:30:06 2019      ;
; Quartus II 64-Bit Version          ; 13.1.0 Build 162 10/23/2013 SJ Web Edition ;
; Revision Name                      ; opencoreNMR                                ;
; Top-level Entity Name              ; opencoreNMR                                ;
; Family                             ; Cyclone III                                ;
; Device                             ; EP3C80F780C8                               ;
; Timing Models                      ; Final                                      ;
; Total logic elements               ; 54,128 / 81,264 ( 67 % )                   ;
;     Total combinational functions  ; 52,333 / 81,264 ( 64 % )                   ;
;     Dedicated logic registers      ; 17,554 / 81,264 ( 22 % )                   ;
; Total registers                    ; 17554                                      ;
; Total pins                         ; 202 / 430 ( 47 % )                         ;
; Total virtual pins                 ; 0                                          ;
; Total memory bits                  ; 1,794,560 / 2,810,880 ( 64 % )             ;
; Embedded Multiplier 9-bit elements ; 204 / 488 ( 42 % )                         ;
; Total PLLs                         ; 1 / 4 ( 25 % )                             ;
+------------------------------------+--------------------------------------------+


+-----------------------------------------+
; Flow Settings                           ;
+-------------------+---------------------+
; Option            ; Setting             ;
+-------------------+---------------------+
; Start date & time ; 10/30/2019 23:22:02 ;
; Main task         ; Compilation         ;
; Revision Name     ; opencoreNMR         ;
+-------------------+---------------------+


+---------------------------------------------------------------------------------------------------------------------------+
; Flow Non-Default Global Settings                                                                                          ;
+----------------------------------------------+-----------------------------+---------------+-------------+----------------+
; Assignment Name                              ; Value                       ; Default Value ; Entity Name ; Section Id     ;
+----------------------------------------------+-----------------------------+---------------+-------------+----------------+
; AUTO_PACKED_REGISTERS_STRATIXII              ; Normal                      ; Auto          ; --          ; --             ;
; COMPILER_SIGNATURE_ID                        ; 0.157244532223320           ; --            ; --          ; --             ;
; CYCLONEII_OPTIMIZATION_TECHNIQUE             ; Speed                       ; Balanced      ; --          ; --             ;
; EDA_OUTPUT_DATA_FORMAT                       ; Vhdl                        ; --            ; --          ; eda_simulation ;
; EDA_SIMULATION_TOOL                          ; ModelSim-Altera (VHDL)      ; <None>        ; --          ; --             ;
; ENABLE_DRC_SETTINGS                          ; On                          ; Off           ; --          ; --             ;
; FITTER_EFFORT                                ; Standard Fit                ; Auto Fit      ; --          ; --             ;
; IP_TOOL_NAME                                 ; ALTPLL                      ; --            ; --          ; --             ;
; IP_TOOL_VERSION                              ; 13.1                        ; --            ; --          ; --             ;
; MAX_CORE_JUNCTION_TEMP                       ; 85                          ; --            ; --          ; --             ;
; MIN_CORE_JUNCTION_TEMP                       ; 0                           ; --            ; --          ; --             ;
; MISC_FILE                                    ; ../src/pll_cyclone3/pll.cmp ; --            ; --          ; --             ;
; MISC_FILE                                    ; ../src/pll_cyclone3/pll.ppf ; --            ; --          ; --             ;
; MUX_RESTRUCTURE                              ; Off                         ; Auto          ; --          ; --             ;
; NOMINAL_CORE_SUPPLY_VOLTAGE                  ; 1.2V                        ; --            ; --          ; --             ;
; PARTITION_COLOR                              ; 16764057                    ; --            ; --          ; Top            ;
; PARTITION_FITTER_PRESERVATION_LEVEL          ; PLACEMENT_AND_ROUTING       ; --            ; --          ; Top            ;
; PARTITION_NETLIST_TYPE                       ; SOURCE                      ; --            ; --          ; Top            ;
; PHYSICAL_SYNTHESIS_COMBO_LOGIC               ; On                          ; Off           ; --          ; --             ;
; PHYSICAL_SYNTHESIS_REGISTER_DUPLICATION      ; On                          ; Off           ; --          ; --             ;
; PHYSICAL_SYNTHESIS_REGISTER_RETIMING         ; On                          ; Off           ; --          ; --             ;
; PROJECT_OUTPUT_DIRECTORY                     ; output_files                ; --            ; --          ; --             ;
; ROUTER_CLOCKING_TOPOLOGY_ANALYSIS            ; On                          ; Off           ; --          ; --             ;
; ROUTER_LCELL_INSERTION_AND_LOGIC_DUPLICATION ; On                          ; Auto          ; --          ; --             ;
; ROUTER_TIMING_OPTIMIZATION_LEVEL             ; MAXIMUM                     ; Normal        ; --          ; --             ;
; SMART_RECOMPILE                              ; On                          ; Off           ; --          ; --             ;
+----------------------------------------------+-----------------------------+---------------+-------------+----------------+


+--------------------------------------------------------------------------------------------------------------------------+
; Flow Elapsed Time                                                                                                        ;
+----------------------+--------------+-------------------------+---------------------+------------------------------------+
; Module Name          ; Elapsed Time ; Average Processors Used ; Peak Virtual Memory ; Total CPU Time (on all processors) ;
+----------------------+--------------+-------------------------+---------------------+------------------------------------+
; Analysis & Synthesis ; 00:17:29     ; 1.0                     ; 2020 MB             ; 00:07:28                           ;
; Fitter               ; 01:13:20     ; 1.0                     ; 1785 MB             ; 00:31:06                           ;
; Assembler            ; 00:00:20     ; 1.0                     ; 782 MB              ; 00:00:09                           ;
; Total                ; 01:31:09     ; --                      ; --                  ; 00:38:43                           ;
+----------------------+--------------+-------------------------+---------------------+------------------------------------+


+------------------------------------------------------------------------------------+
; Flow OS Summary                                                                    ;
+----------------------+------------------+------------+------------+----------------+
; Module Name          ; Machine Hostname ; OS Name    ; OS Version ; Processor type ;
+----------------------+------------------+------------+------------+----------------+
; Analysis & Synthesis ; takedaMint       ; Linux Mint ; 18         ; x86_64         ;
; Fitter               ; takedaMint       ; Linux Mint ; 18         ; x86_64         ;
; Assembler            ; takedaMint       ; Linux Mint ; 18         ; x86_64         ;
+----------------------+------------------+------------+------------+----------------+


------------
; Flow Log ;
------------
quartus_map --read_settings_files=on --write_settings_files=off opencoreNMR -c opencoreNMR
quartus_fit --read_settings_files=on --write_settings_files=off opencoreNMR -c opencoreNMR
quartus_asm --read_settings_files=on --write_settings_files=off opencoreNMR -c opencoreNMR



